<?xml version="1.0" encoding="UTF-8"?>
<robot generator="Robot 7.2 (Python 3.13.1 on win32)" generated="2025-02-11T16:20:57.435427" rpa="false" schemaversion="5">
<suite id="s1" name="GUI Test" source="C:\Users\AYEHS\OneDrive - IT-Högskolan Sverige AB\Jurastina-Alfa\webpage-jurap\GUI_Test.robot">
<test id="s1-t1" name="Scenario: Register Account:" line="9">
<kw name="Given Browser Is Opened To The Webpage" owner="keywords">
<kw name="Open Browser" owner="SeleniumLibrary">
<msg time="2025-02-11T16:20:57.825451" level="INFO">Opening browser 'chrome' to base url 'file:///C:/Users/AYEHS/OneDrive - IT-Högskolan Sverige AB/Jurastina-Alfa/webpage-jurap/jurap.html'.</msg>
<arg>${URL}</arg>
<arg>${BROWSER}</arg>
<doc>Opens a new browser instance to the optional ``url``.</doc>
<status status="PASS" start="2025-02-11T16:20:57.825128" elapsed="1.615517"/>
</kw>
<kw name="Maximize Browser Window" owner="SeleniumLibrary">
<doc>Maximizes current browser window.</doc>
<status status="PASS" start="2025-02-11T16:20:59.441027" elapsed="0.043854"/>
</kw>
<kw name="Wait Until Element Is Visible" owner="SeleniumLibrary">
<arg>${REGISTER_NAV}</arg>
<doc>Waits until the element ``locator`` is visible.</doc>
<status status="PASS" start="2025-02-11T16:20:59.485389" elapsed="0.051515"/>
</kw>
<status status="PASS" start="2025-02-11T16:20:57.824380" elapsed="1.712805"/>
</kw>
<kw name="And User Clicks On The Register Page" owner="keywords">
<kw name="Click Element" owner="SeleniumLibrary">
<msg time="2025-02-11T16:20:59.538501" level="INFO">Clicking element 'id:register-nav'.</msg>
<arg>${REGISTER_NAV}</arg>
<doc>Click the element identified by ``locator``.</doc>
<status status="PASS" start="2025-02-11T16:20:59.538121" elapsed="0.088872"/>
</kw>
<kw name="Wait Until Element Is Visible" owner="SeleniumLibrary">
<arg>${REG_USERNAME}</arg>
<doc>Waits until the element ``locator`` is visible.</doc>
<status status="PASS" start="2025-02-11T16:20:59.627370" elapsed="0.021711"/>
</kw>
<status status="PASS" start="2025-02-11T16:20:59.537620" elapsed="0.111642"/>
</kw>
<kw name="When User Enters Valid Credentials" owner="keywords">
<kw name="Input Text" owner="SeleniumLibrary">
<msg time="2025-02-11T16:20:59.650199" level="INFO">Typing text 'BookingBot' into text field 'id:reg-username'.</msg>
<arg>${REG_USERNAME}</arg>
<arg>${USERNAME}</arg>
<doc>Types the given ``text`` into the text field identified by ``locator``.</doc>
<status status="PASS" start="2025-02-11T16:20:59.649922" elapsed="0.151957"/>
</kw>
<kw name="Input Text" owner="SeleniumLibrary">
<msg time="2025-02-11T16:20:59.803222" level="INFO">Typing text 'Finneland12' into text field 'id:reg-password'.</msg>
<arg>${REG_PASSWORD}</arg>
<arg>${PASSWORD}</arg>
<doc>Types the given ``text`` into the text field identified by ``locator``.</doc>
<status status="PASS" start="2025-02-11T16:20:59.802377" elapsed="0.138579"/>
</kw>
<status status="PASS" start="2025-02-11T16:20:59.649462" elapsed="0.291672"/>
</kw>
<kw name="And User Clicks On The Register Button" owner="keywords">
<kw name="Click Button" owner="SeleniumLibrary">
<msg time="2025-02-11T16:20:59.942066" level="INFO">Clicking button 'xpath://button[@type='submit']'.</msg>
<arg>${REG_SUBMIT}</arg>
<doc>Clicks the button identified by ``locator``.</doc>
<status status="PASS" start="2025-02-11T16:20:59.941708" elapsed="0.123794"/>
</kw>
<kw name="Wait Until Element Is Visible" owner="SeleniumLibrary">
<arg>${REG_MESSAGE}</arg>
<doc>Waits until the element ``locator`` is visible.</doc>
<status status="PASS" start="2025-02-11T16:21:00.065735" elapsed="0.017842"/>
</kw>
<status status="PASS" start="2025-02-11T16:20:59.941337" elapsed="0.142397"/>
</kw>
<kw name="Then Register Should Be Successful" owner="keywords">
<kw name="Element Should Contain" owner="SeleniumLibrary">
<msg time="2025-02-11T16:21:00.103041" level="INFO">Element 'id:register-message' contains text 'Registration successful'.</msg>
<arg>${REG_MESSAGE}</arg>
<arg>${EXPECTED_SUCCESS_MESSAGE}</arg>
<doc>Verifies that element ``locator`` contains text ``expected``.</doc>
<status status="PASS" start="2025-02-11T16:21:00.084228" elapsed="0.018990"/>
</kw>
<status status="PASS" start="2025-02-11T16:21:00.083932" elapsed="0.019423"/>
</kw>
<kw name="And Terminate Browser Session" owner="keywords">
<kw name="Close All Browsers" owner="SeleniumLibrary">
<doc>Closes all open browsers and resets the browser cache.</doc>
<status status="PASS" start="2025-02-11T16:21:00.103829" elapsed="2.151042"/>
</kw>
<status status="PASS" start="2025-02-11T16:21:00.103536" elapsed="2.152019"/>
</kw>
<status status="PASS" start="2025-02-11T16:20:57.823591" elapsed="4.432640"/>
</test>
<test id="s1-t2" name="Scenario: Buy 2 Adult and 2 Childen VIP Tickets" line="19">
<kw name="Given User Has Registered" owner="keywords">
<kw name="Browser Is Opened To The Webpage" owner="keywords">
<kw name="Open Browser" owner="SeleniumLibrary">
<msg time="2025-02-11T16:21:02.263195" level="INFO">Opening browser 'chrome' to base url 'file:///C:/Users/AYEHS/OneDrive - IT-Högskolan Sverige AB/Jurastina-Alfa/webpage-jurap/jurap.html'.</msg>
<arg>${URL}</arg>
<arg>${BROWSER}</arg>
<doc>Opens a new browser instance to the optional ``url``.</doc>
<status status="PASS" start="2025-02-11T16:21:02.262119" elapsed="1.791546"/>
</kw>
<kw name="Maximize Browser Window" owner="SeleniumLibrary">
<doc>Maximizes current browser window.</doc>
<status status="PASS" start="2025-02-11T16:21:04.054193" elapsed="0.060227"/>
</kw>
<kw name="Wait Until Element Is Visible" owner="SeleniumLibrary">
<arg>${REGISTER_NAV}</arg>
<doc>Waits until the element ``locator`` is visible.</doc>
<status status="PASS" start="2025-02-11T16:21:04.114758" elapsed="0.046644"/>
</kw>
<status status="PASS" start="2025-02-11T16:21:02.260954" elapsed="1.900661"/>
</kw>
<kw name="User Clicks On The Register Page" owner="keywords">
<kw name="Click Element" owner="SeleniumLibrary">
<msg time="2025-02-11T16:21:04.162457" level="INFO">Clicking element 'id:register-nav'.</msg>
<arg>${REGISTER_NAV}</arg>
<doc>Click the element identified by ``locator``.</doc>
<status status="PASS" start="2025-02-11T16:21:04.162194" elapsed="0.093467"/>
</kw>
<kw name="Wait Until Element Is Visible" owner="SeleniumLibrary">
<arg>${REG_USERNAME}</arg>
<doc>Waits until the element ``locator`` is visible.</doc>
<status status="PASS" start="2025-02-11T16:21:04.256061" elapsed="0.023397"/>
</kw>
<status status="PASS" start="2025-02-11T16:21:04.161865" elapsed="0.117761"/>
</kw>
<kw name="User Enters Valid Credentials" owner="keywords">
<kw name="Input Text" owner="SeleniumLibrary">
<msg time="2025-02-11T16:21:04.280357" level="INFO">Typing text 'BookingBot' into text field 'id:reg-username'.</msg>
<arg>${REG_USERNAME}</arg>
<arg>${USERNAME}</arg>
<doc>Types the given ``text`` into the text field identified by ``locator``.</doc>
<status status="PASS" start="2025-02-11T16:21:04.280100" elapsed="0.167254"/>
</kw>
<kw name="Input Text" owner="SeleniumLibrary">
<msg time="2025-02-11T16:21:04.447936" level="INFO">Typing text 'Finneland12' into text field 'id:reg-password'.</msg>
<arg>${REG_PASSWORD}</arg>
<arg>${PASSWORD}</arg>
<doc>Types the given ``text`` into the text field identified by ``locator``.</doc>
<status status="PASS" start="2025-02-11T16:21:04.447618" elapsed="0.135141"/>
</kw>
<status status="PASS" start="2025-02-11T16:21:04.279802" elapsed="0.303115"/>
</kw>
<kw name="User Clicks On The Register Button" owner="keywords">
<kw name="Click Button" owner="SeleniumLibrary">
<msg time="2025-02-11T16:21:04.583579" level="INFO">Clicking button 'xpath://button[@type='submit']'.</msg>
<arg>${REG_SUBMIT}</arg>
<doc>Clicks the button identified by ``locator``.</doc>
<status status="PASS" start="2025-02-11T16:21:04.583374" elapsed="0.123224"/>
</kw>
<kw name="Wait Until Element Is Visible" owner="SeleniumLibrary">
<arg>${REG_MESSAGE}</arg>
<doc>Waits until the element ``locator`` is visible.</doc>
<status status="PASS" start="2025-02-11T16:21:04.707009" elapsed="0.018392"/>
</kw>
<status status="PASS" start="2025-02-11T16:21:04.583092" elapsed="0.142600"/>
</kw>
<kw name="Register Should Be Successful" owner="keywords">
<kw name="Element Should Contain" owner="SeleniumLibrary">
<msg time="2025-02-11T16:21:04.749539" level="INFO">Element 'id:register-message' contains text 'Registration successful'.</msg>
<arg>${REG_MESSAGE}</arg>
<arg>${EXPECTED_SUCCESS_MESSAGE}</arg>
<doc>Verifies that element ``locator`` contains text ``expected``.</doc>
<status status="PASS" start="2025-02-11T16:21:04.726172" elapsed="0.023531"/>
</kw>
<status status="PASS" start="2025-02-11T16:21:04.725886" elapsed="0.023938"/>
</kw>
<kw name="Sleep" owner="BuiltIn">
<msg time="2025-02-11T16:21:06.750698" level="INFO">Slept 2 seconds.</msg>
<arg>2s</arg>
<doc>Pauses the test executed for the given time.</doc>
<status status="PASS" start="2025-02-11T16:21:04.749965" elapsed="2.001130"/>
</kw>
<status status="PASS" start="2025-02-11T16:21:02.259707" elapsed="4.491679"/>
</kw>
<kw name="And User Has Logged In" owner="keywords">
<kw name="Wait Until Element Is Visible" owner="SeleniumLibrary">
<arg>${LOGIN_NAV}</arg>
<doc>Waits until the element ``locator`` is visible.</doc>
<status status="PASS" start="2025-02-11T16:21:06.752622" elapsed="0.029231"/>
</kw>
<kw name="Click Element" owner="SeleniumLibrary">
<msg time="2025-02-11T16:21:06.782515" level="INFO">Clicking element 'id:login-nav'.</msg>
<arg>${LOGIN_NAV}</arg>
<doc>Click the element identified by ``locator``.</doc>
<status status="PASS" start="2025-02-11T16:21:06.782154" elapsed="0.095266"/>
</kw>
<kw name="Wait Until Element Is Visible" owner="SeleniumLibrary">
<arg>${LOGIN_USERNAME}</arg>
<doc>Waits until the element ``locator`` is visible.</doc>
<status status="PASS" start="2025-02-11T16:21:06.877620" elapsed="0.022903"/>
</kw>
<kw name="Input Text" owner="SeleniumLibrary">
<msg time="2025-02-11T16:21:06.901276" level="INFO">Typing text 'BookingBot' into text field 'id:login-username'.</msg>
<arg>${LOGIN_USERNAME}</arg>
<arg>${USERNAME}</arg>
<doc>Types the given ``text`` into the text field identified by ``locator``.</doc>
<status status="PASS" start="2025-02-11T16:21:06.900877" elapsed="0.155433"/>
</kw>
<kw name="Input Text" owner="SeleniumLibrary">
<msg time="2025-02-11T16:21:07.057142" level="INFO">Typing text 'Finneland12' into text field 'id:login-password'.</msg>
<arg>${LOGIN_PASSWORD}</arg>
<arg>${PASSWORD}</arg>
<doc>Types the given ``text`` into the text field identified by ``locator``.</doc>
<status status="PASS" start="2025-02-11T16:21:07.056681" elapsed="0.206806"/>
</kw>
<kw name="Click Button" owner="SeleniumLibrary">
<msg time="2025-02-11T16:21:07.263982" level="INFO">Clicking button 'xpath://form[@id='login-form']//button[@type='submit']'.</msg>
<arg>${LOGIN_SUBMIT}</arg>
<doc>Clicks the button identified by ``locator``.</doc>
<status status="PASS" start="2025-02-11T16:21:07.263713" elapsed="0.086669"/>
</kw>
<kw name="Wait Until Element Is Visible" owner="SeleniumLibrary">
<arg>${TICKETS_NAV}</arg>
<doc>Waits until the element ``locator`` is visible.</doc>
<status status="PASS" start="2025-02-11T16:21:07.350586" elapsed="0.018788"/>
</kw>
<kw name="Sleep" owner="BuiltIn">
<msg time="2025-02-11T16:21:09.370263" level="INFO">Slept 2 seconds.</msg>
<arg>2s</arg>
<doc>Pauses the test executed for the given time.</doc>
<status status="PASS" start="2025-02-11T16:21:07.369580" elapsed="2.001017"/>
</kw>
<status status="PASS" start="2025-02-11T16:21:06.751881" elapsed="2.618920"/>
</kw>
<kw name="When User Navigates To Ticket Page" owner="keywords">
<kw name="Wait Until Element Is Visible" owner="SeleniumLibrary">
<arg>${TICKETS_NAV}</arg>
<doc>Waits until the element ``locator`` is visible.</doc>
<status status="PASS" start="2025-02-11T16:21:09.371845" elapsed="0.025338"/>
</kw>
<kw name="Click Element" owner="SeleniumLibrary">
<msg time="2025-02-11T16:21:09.397702" level="INFO">Clicking element 'id:tickets-nav'.</msg>
<arg>${TICKETS_NAV}</arg>
<doc>Click the element identified by ``locator``.</doc>
<status status="PASS" start="2025-02-11T16:21:09.397414" elapsed="0.079632"/>
</kw>
<kw name="Wait Until Element Is Visible" owner="SeleniumLibrary">
<arg>${TICKET_TYPE}</arg>
<doc>Waits until the element ``locator`` is visible.</doc>
<status status="PASS" start="2025-02-11T16:21:09.477462" elapsed="0.025340"/>
</kw>
<status status="PASS" start="2025-02-11T16:21:09.371234" elapsed="0.131713"/>
</kw>
<kw name="And User Is Able To Purchase 2 Adult VIP Ticket And 2 Child VIP Tickets" owner="keywords">
<kw name="Wait Until Element Is Visible" owner="SeleniumLibrary">
<arg>${TICKET_TYPE}</arg>
<doc>Waits until the element ``locator`` is visible.</doc>
<status status="PASS" start="2025-02-11T16:21:09.503408" elapsed="0.017265"/>
</kw>
<kw name="Add Tickets To Cart" owner="keywords">
<kw name="Select From List By Value" owner="SeleniumLibrary">
<msg time="2025-02-11T16:21:09.521510" level="INFO">Selecting options from selection list 'id:ticket-type' by value Adult.</msg>
<arg>${TICKET_TYPE}</arg>
<arg>${type}</arg>
<doc>Selects options from selection list ``locator`` by ``values``.</doc>
<status status="PASS" start="2025-02-11T16:21:09.521261" elapsed="0.045872"/>
</kw>
<kw name="Select From List By Value" owner="SeleniumLibrary">
<msg time="2025-02-11T16:21:09.567760" level="INFO">Selecting options from selection list 'id:ticket-category' by value VIP.</msg>
<arg>${TICKET_CATEGORY}</arg>
<arg>VIP</arg>
<doc>Selects options from selection list ``locator`` by ``values``.</doc>
<status status="PASS" start="2025-02-11T16:21:09.567431" elapsed="0.091272"/>
</kw>
<kw name="Input Text" owner="SeleniumLibrary">
<msg time="2025-02-11T16:21:09.659177" level="INFO">Typing text '2' into text field 'id:ticket-quantity'.</msg>
<arg>${TICKET_QUANTITY}</arg>
<arg>${quantity}</arg>
<doc>Types the given ``text`` into the text field identified by ``locator``.</doc>
<status status="PASS" start="2025-02-11T16:21:09.658906" elapsed="0.118059"/>
</kw>
<kw name="Click Button" owner="SeleniumLibrary">
<msg time="2025-02-11T16:21:09.777452" level="INFO">Clicking button 'xpath://form[@id='ticket-form']//button[@type='submit']'.</msg>
<arg>${ADD_TO_CART}</arg>
<doc>Clicks the button identified by ``locator``.</doc>
<status status="PASS" start="2025-02-11T16:21:09.777179" elapsed="0.104240"/>
</kw>
<kw name="Handle Alert" owner="SeleniumLibrary">
<msg time="2025-02-11T16:21:09.881924" level="INFO">HANDLE::&lt;class 'datetime.timedelta'&gt;::0:00:05</msg>
<arg>accept</arg>
<arg>timeout=5s</arg>
<doc>Handles the current alert and returns its message.</doc>
<status status="PASS" start="2025-02-11T16:21:09.881637" elapsed="0.008458"/>
</kw>
<kw name="Sleep" owner="BuiltIn">
<msg time="2025-02-11T16:21:10.891306" level="INFO">Slept 1 second.</msg>
<arg>1s</arg>
<doc>Pauses the test executed for the given time.</doc>
<status status="PASS" start="2025-02-11T16:21:09.890424" elapsed="1.001811"/>
</kw>
<arg>Adult</arg>
<arg>2</arg>
<status status="PASS" start="2025-02-11T16:21:09.520919" elapsed="1.372115"/>
</kw>
<kw name="Add Tickets To Cart" owner="keywords">
<kw name="Select From List By Value" owner="SeleniumLibrary">
<msg time="2025-02-11T16:21:10.896280" level="INFO">Selecting options from selection list 'id:ticket-type' by value Child.</msg>
<arg>${TICKET_TYPE}</arg>
<arg>${type}</arg>
<doc>Selects options from selection list ``locator`` by ``values``.</doc>
<status status="PASS" start="2025-02-11T16:21:10.895328" elapsed="0.123969"/>
</kw>
<kw name="Select From List By Value" owner="SeleniumLibrary">
<msg time="2025-02-11T16:21:11.019924" level="INFO">Selecting options from selection list 'id:ticket-category' by value VIP.</msg>
<arg>${TICKET_CATEGORY}</arg>
<arg>VIP</arg>
<doc>Selects options from selection list ``locator`` by ``values``.</doc>
<status status="PASS" start="2025-02-11T16:21:11.019507" elapsed="0.066846"/>
</kw>
<kw name="Input Text" owner="SeleniumLibrary">
<msg time="2025-02-11T16:21:11.086848" level="INFO">Typing text '2' into text field 'id:ticket-quantity'.</msg>
<arg>${TICKET_QUANTITY}</arg>
<arg>${quantity}</arg>
<doc>Types the given ``text`` into the text field identified by ``locator``.</doc>
<status status="PASS" start="2025-02-11T16:21:11.086565" elapsed="0.117469"/>
</kw>
<kw name="Click Button" owner="SeleniumLibrary">
<msg time="2025-02-11T16:21:11.204482" level="INFO">Clicking button 'xpath://form[@id='ticket-form']//button[@type='submit']'.</msg>
<arg>${ADD_TO_CART}</arg>
<doc>Clicks the button identified by ``locator``.</doc>
<status status="PASS" start="2025-02-11T16:21:11.204240" elapsed="0.093132"/>
</kw>
<kw name="Handle Alert" owner="SeleniumLibrary">
<msg time="2025-02-11T16:21:11.297866" level="INFO">HANDLE::&lt;class 'datetime.timedelta'&gt;::0:00:05</msg>
<arg>accept</arg>
<arg>timeout=5s</arg>
<doc>Handles the current alert and returns its message.</doc>
<status status="PASS" start="2025-02-11T16:21:11.297593" elapsed="0.009778"/>
</kw>
<kw name="Sleep" owner="BuiltIn">
<msg time="2025-02-11T16:21:12.308975" level="INFO">Slept 1 second.</msg>
<arg>1s</arg>
<doc>Pauses the test executed for the given time.</doc>
<status status="PASS" start="2025-02-11T16:21:11.307619" elapsed="1.001973"/>
</kw>
<arg>Child</arg>
<arg>2</arg>
<status status="PASS" start="2025-02-11T16:21:10.893782" elapsed="1.416268"/>
</kw>
<kw name="Wait Until Element Is Visible" owner="SeleniumLibrary">
<arg>${CART_NAV}</arg>
<doc>Waits until the element ``locator`` is visible.</doc>
<status status="PASS" start="2025-02-11T16:21:12.310607" elapsed="0.086552"/>
</kw>
<kw name="Element Should Be Enabled" owner="SeleniumLibrary">
<arg>${CHECKOUT_BUTTON}</arg>
<doc>Verifies that element identified by ``locator`` is enabled.</doc>
<status status="PASS" start="2025-02-11T16:21:12.397553" elapsed="0.030278"/>
</kw>
<status status="PASS" start="2025-02-11T16:21:09.503138" elapsed="2.924843"/>
</kw>
<kw name="Then User Go To The Cart And Confirm Purchase" owner="keywords">
<kw name="Wait Until Element Is Visible" owner="SeleniumLibrary">
<arg>${CART_NAV}</arg>
<doc>Waits until the element ``locator`` is visible.</doc>
<status status="PASS" start="2025-02-11T16:21:12.428455" elapsed="0.016138"/>
</kw>
<kw name="Click Element" owner="SeleniumLibrary">
<msg time="2025-02-11T16:21:12.445037" level="INFO">Clicking element 'id:cart-nav'.</msg>
<arg>${CART_NAV}</arg>
<doc>Click the element identified by ``locator``.</doc>
<status status="PASS" start="2025-02-11T16:21:12.444797" elapsed="0.090637"/>
</kw>
<kw name="Wait Until Element Is Visible" owner="SeleniumLibrary">
<arg>${CART_DETAILS}</arg>
<doc>Waits until the element ``locator`` is visible.</doc>
<status status="PASS" start="2025-02-11T16:21:12.535644" elapsed="0.022951"/>
</kw>
<kw name="Element Should Contain" owner="SeleniumLibrary">
<msg time="2025-02-11T16:21:12.576270" level="INFO">Element 'id:cart-details' contains text '2 VIP Adult Ticket(s) - $200'.</msg>
<arg>${CART_DETAILS}</arg>
<arg>2 VIP Adult Ticket(s) - $200</arg>
<doc>Verifies that element ``locator`` contains text ``expected``.</doc>
<status status="PASS" start="2025-02-11T16:21:12.558795" elapsed="0.017648"/>
</kw>
<kw name="Element Should Contain" owner="SeleniumLibrary">
<msg time="2025-02-11T16:21:12.595746" level="INFO">Element 'id:cart-details' contains text '2 VIP Child Ticket(s) - $120'.</msg>
<arg>${CART_DETAILS}</arg>
<arg>2 VIP Child Ticket(s) - $120</arg>
<doc>Verifies that element ``locator`` contains text ``expected``.</doc>
<status status="PASS" start="2025-02-11T16:21:12.576602" elapsed="0.019314"/>
</kw>
<kw name="Element Should Be Enabled" owner="SeleniumLibrary">
<arg>${CHECKOUT_BUTTON}</arg>
<doc>Verifies that element identified by ``locator`` is enabled.</doc>
<status status="PASS" start="2025-02-11T16:21:12.596080" elapsed="0.023771"/>
</kw>
<kw name="Click Button" owner="SeleniumLibrary">
<msg time="2025-02-11T16:21:12.620311" level="INFO">Clicking button 'id:checkout-button'.</msg>
<arg>${CHECKOUT_BUTTON}</arg>
<doc>Clicks the button identified by ``locator``.</doc>
<status status="PASS" start="2025-02-11T16:21:12.620058" elapsed="0.091086"/>
</kw>
<kw name="Handle Alert" owner="SeleniumLibrary">
<msg time="2025-02-11T16:21:12.711594" level="INFO">HANDLE::&lt;class 'datetime.timedelta'&gt;::0:00:05</msg>
<arg>accept</arg>
<arg>timeout=5s</arg>
<doc>Handles the current alert and returns its message.</doc>
<status status="PASS" start="2025-02-11T16:21:12.711347" elapsed="0.004921"/>
</kw>
<status status="PASS" start="2025-02-11T16:21:12.428184" elapsed="0.288297"/>
</kw>
<kw name="And Terminate Browser Session" owner="keywords">
<kw name="Close All Browsers" owner="SeleniumLibrary">
<doc>Closes all open browsers and resets the browser cache.</doc>
<status status="PASS" start="2025-02-11T16:21:12.717204" elapsed="2.145637"/>
</kw>
<status status="PASS" start="2025-02-11T16:21:12.716758" elapsed="2.146954"/>
</kw>
<status status="PASS" start="2025-02-11T16:21:02.257940" elapsed="12.606668"/>
</test>
<status status="PASS" start="2025-02-11T16:20:57.453888" elapsed="17.413528"/>
</suite>
<statistics>
<total>
<stat pass="2" fail="0" skip="0">All Tests</stat>
</total>
<tag>
</tag>
<suite>
<stat name="GUI Test" id="s1" pass="2" fail="0" skip="0">GUI Test</stat>
</suite>
</statistics>
<errors>
</errors>
</robot>
