<?xml version="1.0" encoding="UTF-8"?>
<robot generator="Robot 7.2 (Python 3.13.1 on win32)" generated="2025-02-11T16:27:31.796990" rpa="false" schemaversion="5">
<suite id="s1" name="GUI Test" source="C:\Users\AYEHS\OneDrive - IT-Högskolan Sverige AB\Jurastina-Alfa\webpage-jurap\GUI_Test.robot">
<test id="s1-t1" name="Scenario: Register Account:" line="9">
<kw name="Given Browser Is Opened To The Webpage" owner="keywords">
<kw name="Open Browser" owner="SeleniumLibrary">
<msg time="2025-02-11T16:27:32.298893" level="INFO">Opening browser 'chrome' to base url 'file:///C:/Users/AYEHS/OneDrive - IT-Högskolan Sverige AB/Jurastina-Alfa/webpage-jurap/jurap.html'.</msg>
<arg>${URL}</arg>
<arg>${BROWSER}</arg>
<doc>Opens a new browser instance to the optional ``url``.</doc>
<status status="PASS" start="2025-02-11T16:27:32.298193" elapsed="1.680946"/>
</kw>
<kw name="Maximize Browser Window" owner="SeleniumLibrary">
<doc>Maximizes current browser window.</doc>
<status status="PASS" start="2025-02-11T16:27:33.979925" elapsed="0.219510"/>
</kw>
<kw name="Wait Until Element Is Visible" owner="SeleniumLibrary">
<arg>${REGISTER_NAV}</arg>
<doc>Waits until the element ``locator`` is visible.</doc>
<status status="PASS" start="2025-02-11T16:27:34.200013" elapsed="0.057907"/>
</kw>
<status status="PASS" start="2025-02-11T16:27:32.296533" elapsed="1.961811"/>
</kw>
<kw name="And User Clicks On The Register Page" owner="keywords">
<kw name="Click Element" owner="SeleniumLibrary">
<msg time="2025-02-11T16:27:34.262035" level="INFO">Clicking element 'id:register-nav'.</msg>
<arg>${REGISTER_NAV}</arg>
<doc>Click the element identified by ``locator``.</doc>
<status status="PASS" start="2025-02-11T16:27:34.261130" elapsed="0.125323"/>
</kw>
<kw name="Wait Until Element Is Visible" owner="SeleniumLibrary">
<arg>${REG_USERNAME}</arg>
<doc>Waits until the element ``locator`` is visible.</doc>
<status status="PASS" start="2025-02-11T16:27:34.386795" elapsed="0.026897"/>
</kw>
<status status="PASS" start="2025-02-11T16:27:34.259764" elapsed="0.154144"/>
</kw>
<kw name="When User Enters Valid Credentials" owner="keywords">
<kw name="Input Text" owner="SeleniumLibrary">
<msg time="2025-02-11T16:27:34.414716" level="INFO">Typing text 'BookingBot' into text field 'id:reg-username'.</msg>
<arg>${REG_USERNAME}</arg>
<arg>${USERNAME}</arg>
<doc>Types the given ``text`` into the text field identified by ``locator``.</doc>
<status status="PASS" start="2025-02-11T16:27:34.414439" elapsed="0.183494"/>
</kw>
<kw name="Input Text" owner="SeleniumLibrary">
<msg time="2025-02-11T16:27:34.598964" level="INFO">Typing text 'Finneland12' into text field 'id:reg-password'.</msg>
<arg>${REG_PASSWORD}</arg>
<arg>${PASSWORD}</arg>
<doc>Types the given ``text`` into the text field identified by ``locator``.</doc>
<status status="PASS" start="2025-02-11T16:27:34.598333" elapsed="0.161167"/>
</kw>
<status status="PASS" start="2025-02-11T16:27:34.414119" elapsed="0.345628"/>
</kw>
<kw name="And User Clicks On The Register Button" owner="keywords">
<kw name="Click Button" owner="SeleniumLibrary">
<msg time="2025-02-11T16:27:34.760823" level="INFO">Clicking button 'xpath://button[@type='submit']'.</msg>
<arg>${REG_SUBMIT}</arg>
<doc>Clicks the button identified by ``locator``.</doc>
<status status="PASS" start="2025-02-11T16:27:34.760464" elapsed="0.146364"/>
</kw>
<kw name="Wait Until Element Is Visible" owner="SeleniumLibrary">
<arg>${REG_MESSAGE}</arg>
<doc>Waits until the element ``locator`` is visible.</doc>
<status status="PASS" start="2025-02-11T16:27:34.907174" elapsed="0.017984"/>
</kw>
<status status="PASS" start="2025-02-11T16:27:34.760044" elapsed="0.165351"/>
</kw>
<kw name="Then Register Should Be Successful" owner="keywords">
<kw name="Element Should Contain" owner="SeleniumLibrary">
<msg time="2025-02-11T16:27:34.950475" level="INFO">Element 'id:register-message' contains text 'Registration successful'.</msg>
<arg>${REG_MESSAGE}</arg>
<arg>${EXPECTED_SUCCESS_MESSAGE}</arg>
<doc>Verifies that element ``locator`` contains text ``expected``.</doc>
<status status="PASS" start="2025-02-11T16:27:34.926321" elapsed="0.024410"/>
</kw>
<status status="PASS" start="2025-02-11T16:27:34.925665" elapsed="0.025301"/>
</kw>
<kw name="And Terminate Browser Session" owner="keywords">
<kw name="Close All Browsers" owner="SeleniumLibrary">
<doc>Closes all open browsers and resets the browser cache.</doc>
<status status="PASS" start="2025-02-11T16:27:34.951797" elapsed="2.222756"/>
</kw>
<status status="PASS" start="2025-02-11T16:27:34.951289" elapsed="2.223762"/>
</kw>
<status status="PASS" start="2025-02-11T16:27:32.295331" elapsed="4.880297"/>
</test>
<status status="PASS" start="2025-02-11T16:27:31.830587" elapsed="5.348051"/>
</suite>
<statistics>
<total>
<stat pass="1" fail="0" skip="0">All Tests</stat>
</total>
<tag>
</tag>
<suite>
<stat name="GUI Test" id="s1" pass="1" fail="0" skip="0">GUI Test</stat>
</suite>
</statistics>
<errors>
</errors>
</robot>
