<?xml version="1.0" encoding="UTF-8"?>
<robot generator="Robot 7.2 (Python 3.13.1 on win32)" generated="2025-03-04T19:31:20.152935" rpa="false" schemaversion="5">
<suite id="s1" name="GUI Test" source="C:\Users\AxelsDator\OneDrive - IT-Högskolan Sverige AB\Jurastina-Alfa\webpage-jurap\webpage-Test\GUI_Test.robot">
<test id="s1-t1" name="Scenario: Register Account:" line="11">
<kw name="Browser Is Opened To The Webpage" owner="keywords" type="SETUP">
<msg time="2025-03-04T19:31:20.407666" level="FAIL">Keyword 'keywords.Browser Is Opened To The Webpage' expected 0 arguments, got 2.</msg>
<arg>${URL}</arg>
<arg>${BROWSER}</arg>
<status status="FAIL" start="2025-03-04T19:31:20.407454" elapsed="0.001965">Keyword 'keywords.Browser Is Opened To The Webpage' expected 0 arguments, got 2.</status>
</kw>
<kw name="Terminate Browser Session" owner="keywords" type="TEARDOWN">
<kw name="Close Browser" owner="SeleniumLibrary">
<doc>Closes the current browser.</doc>
<status status="PASS" start="2025-03-04T19:31:20.410489" elapsed="0.000207"/>
</kw>
<status status="PASS" start="2025-03-04T19:31:20.409767" elapsed="0.001022"/>
</kw>
<doc>Test of registration of a user</doc>
<tag>Axel</tag>
<tag>registration</tag>
<tag>test</tag>
<tag>user</tag>
<status status="FAIL" start="2025-03-04T19:31:20.406650" elapsed="0.004187">Setup failed:
Keyword 'keywords.Browser Is Opened To The Webpage' expected 0 arguments, got 2.</status>
</test>
<doc>Automatic tests for Jurastina Kalle Park website</doc>
<status status="FAIL" start="2025-03-04T19:31:20.165880" elapsed="0.245399"/>
</suite>
<statistics>
<total>
<stat pass="0" fail="1" skip="0">All Tests</stat>
</total>
<tag>
<stat pass="0" fail="1" skip="0">Axel</stat>
<stat pass="0" fail="1" skip="0">registration</stat>
<stat pass="0" fail="1" skip="0">test</stat>
<stat pass="0" fail="1" skip="0">user</stat>
</tag>
<suite>
<stat name="GUI Test" id="s1" pass="0" fail="1" skip="0">GUI Test</stat>
</suite>
</statistics>
<errors>
</errors>
</robot>
