<?xml version="1.0" encoding="UTF-8"?>
<robot generator="Robot 7.2 (Python 3.13.1 on win32)" generated="2025-03-04T19:39:11.644437" rpa="false" schemaversion="5">
<suite id="s1" name="GUI Test" source="C:\Users\AxelsDator\OneDrive - IT-Högskolan Sverige AB\Jurastina-Alfa\webpage-jurap\webpage-Test\GUI_Test.robot">
<test id="s1-t1" name="Scenario: Register Account:" line="11">
<kw name="Browser Is Opened To The Webpage" owner="keywords" type="SETUP">
<kw name="Open Browser" owner="SeleniumLibrary">
<msg time="2025-03-04T19:39:11.884236" level="INFO">Opening browser 'chrome' to base url 'file:///C:/Users/AxelsDator/OneDrive - IT-Högskolan Sverige AB/Jurastina-Alfa/webpage-jurap/jurap.html'.</msg>
<arg>${URL}</arg>
<arg>${BROWSER}</arg>
<doc>Opens a new browser instance to the optional ``url``.</doc>
<status status="PASS" start="2025-03-04T19:39:11.883947" elapsed="1.597087"/>
</kw>
<kw name="Maximize Browser Window" owner="SeleniumLibrary">
<doc>Maximizes current browser window.</doc>
<status status="PASS" start="2025-03-04T19:39:13.481340" elapsed="0.035965"/>
</kw>
<kw name="Wait Until Element Is Visible" owner="SeleniumLibrary">
<arg>${REGISTER_NAV}</arg>
<doc>Waits until the element ``locator`` is visible.</doc>
<status status="PASS" start="2025-03-04T19:39:13.517660" elapsed="0.041735"/>
</kw>
<status status="PASS" start="2025-03-04T19:39:11.883206" elapsed="1.676337"/>
</kw>
<kw name="Given User Clicks On The Register Page" owner="keywords">
<kw name="Click Element" owner="SeleniumLibrary">
<msg time="2025-03-04T19:39:13.560379" level="INFO">Clicking element 'id:register-nav'.</msg>
<arg>${REGISTER_NAV}</arg>
<doc>Click the element identified by ``locator``.</doc>
<status status="PASS" start="2025-03-04T19:39:13.560143" elapsed="0.045986"/>
</kw>
<kw name="Wait Until Element Is Visible" owner="SeleniumLibrary">
<arg>${REG_USERNAME}</arg>
<doc>Waits until the element ``locator`` is visible.</doc>
<status status="PASS" start="2025-03-04T19:39:13.606484" elapsed="0.013297"/>
</kw>
<status status="PASS" start="2025-03-04T19:39:13.559813" elapsed="0.060103"/>
</kw>
<kw name="When User Enters Valid Credentials" owner="keywords">
<kw name="Input Text" owner="SeleniumLibrary">
<msg time="2025-03-04T19:39:13.620499" level="INFO">Typing text 'BookingBot' into text field 'id:reg-username'.</msg>
<arg>${REG_USERNAME}</arg>
<arg>${USERNAME}</arg>
<doc>Types the given ``text`` into the text field identified by ``locator``.</doc>
<status status="PASS" start="2025-03-04T19:39:13.620318" elapsed="0.078632"/>
</kw>
<kw name="Input Text" owner="SeleniumLibrary">
<msg time="2025-03-04T19:39:13.699468" level="INFO">Typing text 'Finneland12' into text field 'id:reg-password'.</msg>
<arg>${REG_PASSWORD}</arg>
<arg>${PASSWORD}</arg>
<doc>Types the given ``text`` into the text field identified by ``locator``.</doc>
<status status="PASS" start="2025-03-04T19:39:13.699165" elapsed="0.115843"/>
</kw>
<status status="PASS" start="2025-03-04T19:39:13.620094" elapsed="0.195101"/>
</kw>
<kw name="And User Clicks On The Register Button" owner="keywords">
<kw name="Click Button" owner="SeleniumLibrary">
<msg time="2025-03-04T19:39:13.816075" level="INFO">Clicking button 'xpath://button[@type='submit']'.</msg>
<arg>${REG_SUBMIT}</arg>
<doc>Clicks the button identified by ``locator``.</doc>
<status status="PASS" start="2025-03-04T19:39:13.815739" elapsed="0.085858"/>
</kw>
<kw name="Wait Until Element Is Visible" owner="SeleniumLibrary">
<arg>${REG_MESSAGE}</arg>
<doc>Waits until the element ``locator`` is visible.</doc>
<status status="PASS" start="2025-03-04T19:39:13.901854" elapsed="0.019310"/>
</kw>
<status status="PASS" start="2025-03-04T19:39:13.815433" elapsed="0.105906"/>
</kw>
<kw name="Then Register Should Be Successful" owner="keywords">
<kw name="Element Should Contain" owner="SeleniumLibrary">
<msg time="2025-03-04T19:39:13.933953" level="INFO">Element 'id:register-message' contains text 'Registration successful'.</msg>
<arg>${REG_MESSAGE}</arg>
<arg>${EXPECTED_SUCCESS_MESSAGE}</arg>
<doc>Verifies that element ``locator`` contains text ``expected``.</doc>
<status status="PASS" start="2025-03-04T19:39:13.921831" elapsed="0.012298"/>
</kw>
<status status="PASS" start="2025-03-04T19:39:13.921525" elapsed="0.012703"/>
</kw>
<kw name="Terminate Browser Session" owner="keywords" type="TEARDOWN">
<kw name="Close Browser" owner="SeleniumLibrary">
<doc>Closes the current browser.</doc>
<status status="PASS" start="2025-03-04T19:39:13.934656" elapsed="2.280735"/>
</kw>
<status status="PASS" start="2025-03-04T19:39:13.934430" elapsed="2.281262"/>
</kw>
<doc>Test of registration of a user</doc>
<tag>Axel</tag>
<tag>registration</tag>
<tag>test</tag>
<tag>user</tag>
<status status="PASS" start="2025-03-04T19:39:11.882456" elapsed="4.333377"/>
</test>
<doc>Automatic tests for Jurastina Kalle Park website</doc>
<status status="PASS" start="2025-03-04T19:39:11.656283" elapsed="4.560533"/>
</suite>
<statistics>
<total>
<stat pass="1" fail="0" skip="0">All Tests</stat>
</total>
<tag>
<stat pass="1" fail="0" skip="0">Axel</stat>
<stat pass="1" fail="0" skip="0">registration</stat>
<stat pass="1" fail="0" skip="0">test</stat>
<stat pass="1" fail="0" skip="0">user</stat>
</tag>
<suite>
<stat name="GUI Test" id="s1" pass="1" fail="0" skip="0">GUI Test</stat>
</suite>
</statistics>
<errors>
</errors>
</robot>
