<?xml version="1.0" encoding="UTF-8"?>
<robot generator="Robot 7.2 (Python 3.13.1 on win32)" generated="2025-02-14T11:37:33.956641" rpa="false" schemaversion="5">
<suite id="s1" name="GUI Test" source="C:\Users\AxelsDator\OneDrive - IT-Högskolan Sverige AB\Jurastina-Alfa\webpage-jurap\GUI_Test.robot">
<test id="s1-t1" name="Scenario: Invalid Login" line="29">
<kw name="Given Browser Is Opened To The Webpage" owner="keywords">
<kw name="Open Browser" owner="SeleniumLibrary">
<msg time="2025-02-14T11:37:34.183099" level="INFO">Opening browser 'chrome' to base url 'file:///C:/Users/AxelsDator/OneDrive - IT-Högskolan Sverige AB/Jurastina-Alfa/webpage-jurap/jurap.html'.</msg>
<arg>${URL}</arg>
<arg>${BROWSER}</arg>
<doc>Opens a new browser instance to the optional ``url``.</doc>
<status status="PASS" start="2025-02-14T11:37:34.182799" elapsed="1.427627"/>
</kw>
<kw name="Maximize Browser Window" owner="SeleniumLibrary">
<doc>Maximizes current browser window.</doc>
<status status="PASS" start="2025-02-14T11:37:35.610719" elapsed="0.049449"/>
</kw>
<kw name="Wait Until Element Is Visible" owner="SeleniumLibrary">
<arg>${REGISTER_NAV}</arg>
<doc>Waits until the element ``locator`` is visible.</doc>
<status status="PASS" start="2025-02-14T11:37:35.660484" elapsed="0.028362"/>
</kw>
<status status="PASS" start="2025-02-14T11:37:34.182322" elapsed="1.506725"/>
</kw>
<kw name="When User Arrived At The Login Page" owner="keywords">
<kw name="Click Element" owner="SeleniumLibrary">
<msg time="2025-02-14T11:37:35.689977" level="INFO">Clicking element 'id:login-nav'.</msg>
<arg>${LOGIN_NAV}</arg>
<doc>Click the element identified by ``locator``.</doc>
<status status="PASS" start="2025-02-14T11:37:35.689710" elapsed="0.064753"/>
</kw>
<kw name="Wait Until Element Is Visible" owner="SeleniumLibrary">
<arg>${LOGIN_NAV}</arg>
<doc>Waits until the element ``locator`` is visible.</doc>
<status status="PASS" start="2025-02-14T11:37:35.754739" elapsed="0.011854"/>
</kw>
<kw name="Element Should Be Visible" owner="SeleniumLibrary">
<msg time="2025-02-14T11:37:35.778481" level="INFO">Element 'id:login-username' is displayed.</msg>
<arg>${LOGIN_USERNAME}</arg>
<doc>Verifies that the element identified by ``locator`` is visible.</doc>
<status status="PASS" start="2025-02-14T11:37:35.766771" elapsed="0.011880"/>
</kw>
<kw name="Element Should Be Visible" owner="SeleniumLibrary">
<msg time="2025-02-14T11:37:35.789411" level="INFO">Element 'id:login-password' is displayed.</msg>
<arg>${LOGIN_PASSWORD}</arg>
<doc>Verifies that the element identified by ``locator`` is visible.</doc>
<status status="PASS" start="2025-02-14T11:37:35.778801" elapsed="0.010911"/>
</kw>
<status status="PASS" start="2025-02-14T11:37:35.689316" elapsed="0.100530"/>
</kw>
<kw name="And Filled In Incorrect Credentials" owner="keywords">
<kw name="Input Text" owner="SeleniumLibrary">
<msg time="2025-02-14T11:37:35.790568" level="INFO">Typing text 'wrong_user' into text field 'id:login-username'.</msg>
<arg>${LOGIN_USERNAME}</arg>
<arg>${INVALID_USERNAME}</arg>
<doc>Types the given ``text`` into the text field identified by ``locator``.</doc>
<status status="PASS" start="2025-02-14T11:37:35.790325" elapsed="0.071221"/>
</kw>
<kw name="Input Text" owner="SeleniumLibrary">
<msg time="2025-02-14T11:37:35.862118" level="INFO">Typing text 'wrong_password' into text field 'id:login-password'.</msg>
<arg>${LOGIN_PASSWORD}</arg>
<arg>${INVALID_PASSWORD}</arg>
<doc>Types the given ``text`` into the text field identified by ``locator``.</doc>
<status status="PASS" start="2025-02-14T11:37:35.861790" elapsed="0.089338"/>
</kw>
<kw name="Click Button" owner="SeleniumLibrary">
<msg time="2025-02-14T11:37:35.951690" level="INFO">Clicking button 'xpath://form[@id='login-form']//button[@type='submit']'.</msg>
<arg>${LOGIN_SUBMIT}</arg>
<doc>Clicks the button identified by ``locator``.</doc>
<status status="PASS" start="2025-02-14T11:37:35.951345" elapsed="0.067379"/>
</kw>
<status status="PASS" start="2025-02-14T11:37:35.790044" elapsed="0.228854"/>
</kw>
<kw name="Then An Error Saying Invalid Username Or Password Should Appear" owner="keywords">
<kw name="Wait Until Element Contains" owner="SeleniumLibrary">
<arg>${ERROR_MESSAGE}</arg>
<arg>Invalid username or password.</arg>
<arg>timeout=10s</arg>
<doc>Waits until the element ``locator`` contains ``text``.</doc>
<status status="PASS" start="2025-02-14T11:37:36.019400" elapsed="2.171930"/>
</kw>
<kw name="Element Text Should Be" owner="SeleniumLibrary">
<msg time="2025-02-14T11:37:38.191765" level="INFO">Verifying element 'id:login-message' contains exact text 'Invalid username or password.'.</msg>
<arg>${ERROR_MESSAGE}</arg>
<arg>Invalid username or password.</arg>
<doc>Verifies that element ``locator`` contains exact the text ``expected``.</doc>
<status status="PASS" start="2025-02-14T11:37:38.191504" elapsed="0.008972"/>
</kw>
<kw name="Close Browser" owner="SeleniumLibrary" type="TEARDOWN">
<doc>Closes the current browser.</doc>
<status status="PASS" start="2025-02-14T11:37:38.200761" elapsed="2.141705"/>
</kw>
<status status="PASS" start="2025-02-14T11:37:36.019074" elapsed="4.323516"/>
</kw>
<kw name="And Terminate Browser Session" owner="keywords">
<kw name="Close All Browsers" owner="SeleniumLibrary">
<doc>Closes all open browsers and resets the browser cache.</doc>
<status status="PASS" start="2025-02-14T11:37:40.343034" elapsed="0.000133"/>
</kw>
<status status="PASS" start="2025-02-14T11:37:40.342775" elapsed="0.000452"/>
</kw>
<doc>Test of invalid login with invalid credentials</doc>
<tag>Axel</tag>
<tag>invalid</tag>
<tag>test</tag>
<tag>user</tag>
<status status="PASS" start="2025-02-14T11:37:34.181717" elapsed="6.161602"/>
</test>
<doc>Automatic tests for Jurastina Kalle Park website</doc>
<status status="PASS" start="2025-02-14T11:37:33.969363" elapsed="6.374304"/>
</suite>
<statistics>
<total>
<stat pass="1" fail="0" skip="0">All Tests</stat>
</total>
<tag>
<stat pass="1" fail="0" skip="0">Axel</stat>
<stat pass="1" fail="0" skip="0">invalid</stat>
<stat pass="1" fail="0" skip="0">test</stat>
<stat pass="1" fail="0" skip="0">user</stat>
</tag>
<suite>
<stat name="GUI Test" id="s1" pass="1" fail="0" skip="0">GUI Test</stat>
</suite>
</statistics>
<errors>
</errors>
</robot>
